<?xml version="1.0" encoding="UTF-8"?>
<testng-results total="1" passed="1" failed="0" skipped="0">
  <reporter-output>
  </reporter-output>
  <suite started-at="2021-02-28T16:02:23Z" name="Default suite" finished-at="2021-02-28T16:02:25Z" duration-ms="2031">
    <groups>
    </groups>
    <test started-at="2021-02-28T16:02:23Z" name="Default test" finished-at="2021-02-28T16:02:25Z" duration-ms="2031">
      <class name="POJO">
        <test-method signature="POST()[pri:0, instance:POJO@1722011b]" started-at="2021-02-28T21:32:23Z" name="POST" finished-at="2021-02-28T21:32:25Z" duration-ms="2019" status="PASS">
          <reporter-output>
          </reporter-output>
        </test-method> <!-- POST -->
      </class> <!-- POJO -->
    </test> <!-- Default test -->
  </suite> <!-- Default suite -->
</testng-results>
