<?xml version="1.0" encoding="UTF-8"?>
<testng-results total="13" passed="13" failed="0" skipped="0">
  <reporter-output>
  </reporter-output>
  <suite started-at="2021-03-01T15:29:03Z" name="Default suite" finished-at="2021-03-01T15:29:09Z" duration-ms="5679">
    <groups>
    </groups>
    <test started-at="2021-03-01T15:29:03Z" name="Default test" finished-at="2021-03-01T15:29:09Z" duration-ms="5679">
      <class name="POJO">
        <test-method signature="POST()[pri:0, instance:POJO@df6620a]" started-at="2021-03-01T20:59:03Z" name="POST" finished-at="2021-03-01T20:59:06Z" duration-ms="2332" status="PASS">
          <reporter-output>
          </reporter-output>
        </test-method> <!-- POST -->
      </class> <!-- POJO -->
      <class name="TestAPIs.TestNG_DataProvider">
        <test-method signature="POSTExample1(java.lang.String, java.lang.String)[pri:0, instance:TestAPIs.TestNG_DataProvider@3eb81efb]" started-at="2021-03-01T20:59:06Z" name="POSTExample1" data-provider="POSTExample1" finished-at="2021-03-01T20:59:06Z" duration-ms="424" status="PASS">
          <params>
            <param index="0">
              <value>
                <![CDATA[Arpita]]>
              </value>
            </param>
            <param index="1">
              <value>
                <![CDATA[majumdar]]>
              </value>
            </param>
          </params>
          <reporter-output>
          </reporter-output>
        </test-method> <!-- POSTExample1 -->
        <test-method signature="POSTExample2(java.lang.String, java.lang.String)[pri:0, instance:TestAPIs.TestNG_DataProvider@3eb81efb]" started-at="2021-03-01T20:59:06Z" name="POSTExample2" data-provider="POSTExample2" finished-at="2021-03-01T20:59:07Z" duration-ms="447" status="PASS">
          <params>
            <param index="0">
              <value>
                <![CDATA[APP]]>
              </value>
            </param>
            <param index="1">
              <value>
                <![CDATA[NEW]]>
              </value>
            </param>
          </params>
          <reporter-output>
          </reporter-output>
        </test-method> <!-- POSTExample2 -->
        <test-method signature="POSTExample2(java.lang.String, java.lang.String)[pri:0, instance:TestAPIs.TestNG_DataProvider@3eb81efb]" started-at="2021-03-01T20:59:07Z" name="POSTExample2" data-provider="POSTExample2" finished-at="2021-03-01T20:59:07Z" duration-ms="435" status="PASS">
          <params>
            <param index="0">
              <value>
                <![CDATA[ABC]]>
              </value>
            </param>
            <param index="1">
              <value>
                <![CDATA[12]]>
              </value>
            </param>
          </params>
          <reporter-output>
          </reporter-output>
        </test-method> <!-- POSTExample2 -->
        <test-method signature="POSTExample2(java.lang.String, java.lang.String)[pri:0, instance:TestAPIs.TestNG_DataProvider@3eb81efb]" started-at="2021-03-01T20:59:07Z" name="POSTExample2" data-provider="POSTExample2" finished-at="2021-03-01T20:59:07Z" duration-ms="509" status="PASS">
          <params>
            <param index="0">
              <value>
                <![CDATA[Iam]]>
              </value>
            </param>
            <param index="1">
              <value>
                <![CDATA[Arpita]]>
              </value>
            </param>
          </params>
          <reporter-output>
          </reporter-output>
        </test-method> <!-- POSTExample2 -->
        <test-method signature="POSTExample2(java.lang.String, java.lang.String)[pri:0, instance:TestAPIs.TestNG_DataProvider@3eb81efb]" started-at="2021-03-01T20:59:07Z" name="POSTExample2" data-provider="POSTExample2" finished-at="2021-03-01T20:59:08Z" duration-ms="397" status="PASS">
          <params>
            <param index="0">
              <value>
                <![CDATA[abc]]>
              </value>
            </param>
            <param index="1">
              <value>
                <![CDATA[xyz]]>
              </value>
            </param>
          </params>
          <reporter-output>
          </reporter-output>
        </test-method> <!-- POSTExample2 -->
        <test-method signature="POSTExample2(java.lang.String, java.lang.String)[pri:0, instance:TestAPIs.TestNG_DataProvider@3eb81efb]" started-at="2021-03-01T20:59:08Z" name="POSTExample2" data-provider="POSTExample2" finished-at="2021-03-01T20:59:08Z" duration-ms="418" status="PASS">
          <params>
            <param index="0">
              <value>
                <![CDATA[do]]>
              </value>
            </param>
            <param index="1">
              <value>
                <![CDATA[nothing]]>
              </value>
            </param>
          </params>
          <reporter-output>
          </reporter-output>
        </test-method> <!-- POSTExample2 -->
      </class> <!-- TestAPIs.TestNG_DataProvider -->
      <class name="TestAPIs.POST_Tests">
        <test-method signature="postdata(java.lang.String, java.lang.String, int)[pri:0, instance:TestAPIs.POST_Tests@2812b107]" started-at="2021-03-01T20:59:08Z" name="postdata" data-provider="dataforpost" finished-at="2021-03-01T20:59:09Z" duration-ms="209" status="PASS">
          <params>
            <param index="0">
              <value>
                <![CDATA[cube]]>
              </value>
            </param>
            <param index="1">
              <value>
                <![CDATA[arpita]]>
              </value>
            </param>
            <param index="2">
              <value>
                <![CDATA[101]]>
              </value>
            </param>
          </params>
          <reporter-output>
          </reporter-output>
        </test-method> <!-- postdata -->
        <test-method signature="postdata(java.lang.String, java.lang.String, int)[pri:0, instance:TestAPIs.POST_Tests@2812b107]" started-at="2021-03-01T20:59:09Z" name="postdata" data-provider="dataforpost" finished-at="2021-03-01T20:59:09Z" duration-ms="51" status="PASS">
          <params>
            <param index="0">
              <value>
                <![CDATA[status]]>
              </value>
            </param>
            <param index="1">
              <value>
                <![CDATA[Chemestry]]>
              </value>
            </param>
            <param index="2">
              <value>
                <![CDATA[102]]>
              </value>
            </param>
          </params>
          <reporter-output>
          </reporter-output>
        </test-method> <!-- postdata -->
        <test-method signature="postdata(java.lang.String, java.lang.String, int)[pri:0, instance:TestAPIs.POST_Tests@2812b107]" started-at="2021-03-01T20:59:09Z" name="postdata" data-provider="dataforpost" finished-at="2021-03-01T20:59:09Z" duration-ms="19" status="PASS">
          <params>
            <param index="0">
              <value>
                <![CDATA[roll]]>
              </value>
            </param>
            <param index="1">
              <value>
                <![CDATA[gem]]>
              </value>
            </param>
            <param index="2">
              <value>
                <![CDATA[103]]>
              </value>
            </param>
          </params>
          <reporter-output>
          </reporter-output>
        </test-method> <!-- postdata -->
        <test-method signature="getRecords()[pri:0, instance:TestAPIs.POST_Tests@2812b107]" started-at="2021-03-01T20:59:09Z" name="getRecords" finished-at="2021-03-01T20:59:09Z" duration-ms="22" status="PASS">
          <reporter-output>
          </reporter-output>
        </test-method> <!-- getRecords -->
      </class> <!-- TestAPIs.POST_Tests -->
      <class name="TestAPIs.GETCall">
        <test-method is-config="true" signature="generateReport()[pri:0, instance:TestAPIs.GETCall@4e31276e]" started-at="2021-03-01T20:59:03Z" name="generateReport" finished-at="2021-03-01T20:59:03Z" duration-ms="251" status="PASS">
          <reporter-output>
          </reporter-output>
        </test-method> <!-- generateReport -->
        <test-method is-config="true" signature="generateReport()[pri:0, instance:generatereport@16b2bb0c]" started-at="2021-03-01T20:59:03Z" name="generateReport" finished-at="2021-03-01T20:59:03Z" duration-ms="2" status="PASS">
          <reporter-output>
          </reporter-output>
        </test-method> <!-- generateReport -->
        <test-method signature="POSTTest()[pri:0, instance:TestAPIs.GETCall@4e31276e]" started-at="2021-03-01T20:59:09Z" name="POSTTest" finished-at="2021-03-01T20:59:09Z" duration-ms="69" status="PASS">
          <reporter-output>
          </reporter-output>
        </test-method> <!-- POSTTest -->
        <test-method signature="getcalltest()[pri:0, instance:TestAPIs.GETCall@4e31276e]" started-at="2021-03-01T20:59:09Z" name="getcalltest" finished-at="2021-03-01T20:59:09Z" duration-ms="60" status="PASS">
          <reporter-output>
          </reporter-output>
        </test-method> <!-- getcalltest -->
      </class> <!-- TestAPIs.GETCall -->
    </test> <!-- Default test -->
  </suite> <!-- Default suite -->
</testng-results>
