<?xml version="1.0" encoding="UTF-8"?>
<testng-results total="2" passed="2" failed="0" skipped="0">
  <reporter-output>
  </reporter-output>
  <suite started-at="2021-02-26T10:57:58Z" name="Default suite" finished-at="2021-02-26T10:58:01Z" duration-ms="2673">
    <groups>
    </groups>
    <test started-at="2021-02-26T10:57:58Z" name="Default test" finished-at="2021-02-26T10:58:01Z" duration-ms="2673">
      <class name="TestAPIs.GETCall">
        <test-method signature="POSTTest()[pri:0, instance:TestAPIs.GETCall@6e01f9b0]" started-at="2021-02-26T16:27:58Z" name="POSTTest" finished-at="2021-02-26T16:28:00Z" duration-ms="2210" status="PASS">
          <reporter-output>
          </reporter-output>
        </test-method> <!-- POSTTest -->
        <test-method signature="getcalltest()[pri:0, instance:TestAPIs.GETCall@6e01f9b0]" started-at="2021-02-26T16:28:00Z" name="getcalltest" finished-at="2021-02-26T16:28:01Z" duration-ms="445" status="PASS">
          <reporter-output>
          </reporter-output>
        </test-method> <!-- getcalltest -->
      </class> <!-- TestAPIs.GETCall -->
    </test> <!-- Default test -->
  </suite> <!-- Default suite -->
</testng-results>
