<?xml version="1.0" encoding="UTF-8"?>
<testng-results total="2" passed="2" failed="0" skipped="0">
  <reporter-output>
  </reporter-output>
  <suite started-at="2021-03-30T11:38:58Z" name="Suite" finished-at="2021-03-30T11:39:01Z" duration-ms="3058">
    <groups>
      <group name="cucumber">
        <method signature="TestRunner.feature(cucumber.api.testng.CucumberFeatureWrapper)[pri:0, instance:Runner.TestRunner@4278284b]" name="feature" class="Runner.TestRunner"/>
      </group> <!-- cucumber -->
    </groups>
    <test started-at="2021-03-30T11:38:58Z" name="Test" finished-at="2021-03-30T11:39:01Z" duration-ms="3058">
      <class name="Runner.TestRunner">
        <test-method is-config="true" signature="setUpClass()[pri:0, instance:Runner.TestRunner@4278284b]" started-at="2021-03-30T17:08:58Z" name="setUpClass" finished-at="2021-03-30T17:08:59Z" duration-ms="254" status="PASS">
          <reporter-output>
          </reporter-output>
        </test-method> <!-- setUpClass -->
        <test-method signature="feature(cucumber.api.testng.CucumberFeatureWrapper)[pri:0, instance:Runner.TestRunner@4278284b]" started-at="2021-03-30T17:08:59Z" name="feature" description="Runs Cucumber Feature" data-provider="features" finished-at="2021-03-30T17:09:01Z" duration-ms="2645" status="PASS">
          <params>
            <param index="0">
              <value>
                <![CDATA[Get Resources]]>
              </value>
            </param>
          </params>
          <reporter-output>
          </reporter-output>
        </test-method> <!-- feature -->
        <test-method signature="feature(cucumber.api.testng.CucumberFeatureWrapper)[pri:0, instance:Runner.TestRunner@4278284b]" started-at="2021-03-30T17:09:01Z" name="feature" description="Runs Cucumber Feature" data-provider="features" finished-at="2021-03-30T17:09:01Z" duration-ms="24" status="PASS">
          <params>
            <param index="0">
              <value>
                <![CDATA[Post Request]]>
              </value>
            </param>
          </params>
          <reporter-output>
          </reporter-output>
        </test-method> <!-- feature -->
        <test-method is-config="true" signature="tearDownClass()[pri:0, instance:Runner.TestRunner@4278284b]" started-at="2021-03-30T17:09:01Z" name="tearDownClass" finished-at="2021-03-30T17:09:01Z" duration-ms="19" status="PASS">
          <reporter-output>
          </reporter-output>
        </test-method> <!-- tearDownClass -->
      </class> <!-- Runner.TestRunner -->
    </test> <!-- Test -->
  </suite> <!-- Suite -->
</testng-results>
