<?xml version="1.0" encoding="UTF-8"?>
<testng-results total="13" passed="13" failed="0" skipped="0">
  <reporter-output>
  </reporter-output>
  <suite started-at="2021-03-02T08:41:00Z" name="Default suite" finished-at="2021-03-02T08:41:07Z" duration-ms="6457">
    <groups>
    </groups>
    <test started-at="2021-03-02T08:41:00Z" name="Default test" finished-at="2021-03-02T08:41:07Z" duration-ms="6457">
      <class name="generatereport">
        <test-method is-config="true" signature="generateReport()[pri:0, instance:generatereport@5b7a8434]" started-at="2021-03-02T14:11:00Z" name="generateReport" finished-at="2021-03-02T14:11:01Z" duration-ms="289" status="PASS">
          <reporter-output>
          </reporter-output>
        </test-method> <!-- generateReport -->
      </class> <!-- generatereport -->
      <class name="TestAPIs.TestNG_DataProvider">
        <test-method signature="POSTExample1(java.lang.String, java.lang.String)[pri:0, instance:TestAPIs.TestNG_DataProvider@5c45d770]" started-at="2021-03-02T14:11:03Z" name="POSTExample1" data-provider="POSTExample1" finished-at="2021-03-02T14:11:04Z" duration-ms="590" status="PASS">
          <params>
            <param index="0">
              <value>
                <![CDATA[Arpita]]>
              </value>
            </param>
            <param index="1">
              <value>
                <![CDATA[majumdar]]>
              </value>
            </param>
          </params>
          <reporter-output>
          </reporter-output>
        </test-method> <!-- POSTExample1 -->
        <test-method signature="POSTExample2(java.lang.String, java.lang.String)[pri:0, instance:TestAPIs.TestNG_DataProvider@5c45d770]" started-at="2021-03-02T14:11:04Z" name="POSTExample2" data-provider="POSTExample2" finished-at="2021-03-02T14:11:05Z" duration-ms="526" status="PASS">
          <params>
            <param index="0">
              <value>
                <![CDATA[APP]]>
              </value>
            </param>
            <param index="1">
              <value>
                <![CDATA[NEW]]>
              </value>
            </param>
          </params>
          <reporter-output>
          </reporter-output>
        </test-method> <!-- POSTExample2 -->
        <test-method signature="POSTExample2(java.lang.String, java.lang.String)[pri:0, instance:TestAPIs.TestNG_DataProvider@5c45d770]" started-at="2021-03-02T14:11:05Z" name="POSTExample2" data-provider="POSTExample2" finished-at="2021-03-02T14:11:05Z" duration-ms="490" status="PASS">
          <params>
            <param index="0">
              <value>
                <![CDATA[ABC]]>
              </value>
            </param>
            <param index="1">
              <value>
                <![CDATA[12]]>
              </value>
            </param>
          </params>
          <reporter-output>
          </reporter-output>
        </test-method> <!-- POSTExample2 -->
        <test-method signature="POSTExample2(java.lang.String, java.lang.String)[pri:0, instance:TestAPIs.TestNG_DataProvider@5c45d770]" started-at="2021-03-02T14:11:05Z" name="POSTExample2" data-provider="POSTExample2" finished-at="2021-03-02T14:11:06Z" duration-ms="504" status="PASS">
          <params>
            <param index="0">
              <value>
                <![CDATA[Iam]]>
              </value>
            </param>
            <param index="1">
              <value>
                <![CDATA[Arpita]]>
              </value>
            </param>
          </params>
          <reporter-output>
          </reporter-output>
        </test-method> <!-- POSTExample2 -->
        <test-method signature="POSTExample2(java.lang.String, java.lang.String)[pri:0, instance:TestAPIs.TestNG_DataProvider@5c45d770]" started-at="2021-03-02T14:11:06Z" name="POSTExample2" data-provider="POSTExample2" finished-at="2021-03-02T14:11:06Z" duration-ms="511" status="PASS">
          <params>
            <param index="0">
              <value>
                <![CDATA[abc]]>
              </value>
            </param>
            <param index="1">
              <value>
                <![CDATA[xyz]]>
              </value>
            </param>
          </params>
          <reporter-output>
          </reporter-output>
        </test-method> <!-- POSTExample2 -->
        <test-method signature="POSTExample2(java.lang.String, java.lang.String)[pri:0, instance:TestAPIs.TestNG_DataProvider@5c45d770]" started-at="2021-03-02T14:11:06Z" name="POSTExample2" data-provider="POSTExample2" finished-at="2021-03-02T14:11:06Z" duration-ms="260" status="PASS">
          <params>
            <param index="0">
              <value>
                <![CDATA[do]]>
              </value>
            </param>
            <param index="1">
              <value>
                <![CDATA[nothing]]>
              </value>
            </param>
          </params>
          <reporter-output>
          </reporter-output>
        </test-method> <!-- POSTExample2 -->
      </class> <!-- TestAPIs.TestNG_DataProvider -->
      <class name="POJO">
        <test-method signature="POST()[pri:0, instance:POJO@19e7a160]" started-at="2021-03-02T14:11:01Z" name="POST" finished-at="2021-03-02T14:11:03Z" duration-ms="2682" status="PASS">
          <reporter-output>
          </reporter-output>
        </test-method> <!-- POST -->
      </class> <!-- POJO -->
      <class name="TestAPIs.POST_Tests">
        <test-method signature="postdata(java.lang.String, java.lang.String, int)[pri:0, instance:TestAPIs.POST_Tests@7357a011]" started-at="2021-03-02T14:11:06Z" name="postdata" data-provider="dataforpost" finished-at="2021-03-02T14:11:07Z" duration-ms="269" status="PASS">
          <params>
            <param index="0">
              <value>
                <![CDATA[cube]]>
              </value>
            </param>
            <param index="1">
              <value>
                <![CDATA[arpita]]>
              </value>
            </param>
            <param index="2">
              <value>
                <![CDATA[101]]>
              </value>
            </param>
          </params>
          <reporter-output>
          </reporter-output>
        </test-method> <!-- postdata -->
        <test-method signature="postdata(java.lang.String, java.lang.String, int)[pri:0, instance:TestAPIs.POST_Tests@7357a011]" started-at="2021-03-02T14:11:07Z" name="postdata" data-provider="dataforpost" finished-at="2021-03-02T14:11:07Z" duration-ms="41" status="PASS">
          <params>
            <param index="0">
              <value>
                <![CDATA[status]]>
              </value>
            </param>
            <param index="1">
              <value>
                <![CDATA[Chemestry]]>
              </value>
            </param>
            <param index="2">
              <value>
                <![CDATA[102]]>
              </value>
            </param>
          </params>
          <reporter-output>
          </reporter-output>
        </test-method> <!-- postdata -->
        <test-method signature="postdata(java.lang.String, java.lang.String, int)[pri:0, instance:TestAPIs.POST_Tests@7357a011]" started-at="2021-03-02T14:11:07Z" name="postdata" data-provider="dataforpost" finished-at="2021-03-02T14:11:07Z" duration-ms="44" status="PASS">
          <params>
            <param index="0">
              <value>
                <![CDATA[roll]]>
              </value>
            </param>
            <param index="1">
              <value>
                <![CDATA[gem]]>
              </value>
            </param>
            <param index="2">
              <value>
                <![CDATA[103]]>
              </value>
            </param>
          </params>
          <reporter-output>
          </reporter-output>
        </test-method> <!-- postdata -->
        <test-method signature="getRecords()[pri:0, instance:TestAPIs.POST_Tests@7357a011]" started-at="2021-03-02T14:11:07Z" name="getRecords" finished-at="2021-03-02T14:11:07Z" duration-ms="45" status="PASS">
          <reporter-output>
          </reporter-output>
        </test-method> <!-- getRecords -->
      </class> <!-- TestAPIs.POST_Tests -->
      <class name="TestAPIs.GETCall">
        <test-method signature="POSTTest()[pri:0, instance:TestAPIs.GETCall@2ce6c6ec]" started-at="2021-03-02T14:11:07Z" name="POSTTest" finished-at="2021-03-02T14:11:07Z" duration-ms="98" status="PASS">
          <reporter-output>
          </reporter-output>
        </test-method> <!-- POSTTest -->
        <test-method signature="getcalltest()[pri:0, instance:TestAPIs.GETCall@2ce6c6ec]" started-at="2021-03-02T14:11:07Z" name="getcalltest" finished-at="2021-03-02T14:11:07Z" duration-ms="76" status="PASS">
          <reporter-output>
          </reporter-output>
        </test-method> <!-- getcalltest -->
        <test-method is-config="true" signature="generateLog()[pri:0, instance:TestAPIs.POST_Tests@7357a011]" started-at="2021-03-02T14:11:07Z" name="generateLog" finished-at="2021-03-02T14:11:07Z" duration-ms="0" status="PASS">
          <reporter-output>
          </reporter-output>
        </test-method> <!-- generateLog -->
        <test-method is-config="true" signature="generateLog()[pri:0, instance:TestAPIs.TestNG_DataProvider@5c45d770]" started-at="2021-03-02T14:11:07Z" name="generateLog" finished-at="2021-03-02T14:11:07Z" duration-ms="0" status="PASS">
          <reporter-output>
          </reporter-output>
        </test-method> <!-- generateLog -->
        <test-method is-config="true" signature="generateLog()[pri:0, instance:TestAPIs.GETCall@2ce6c6ec]" started-at="2021-03-02T14:11:07Z" name="generateLog" finished-at="2021-03-02T14:11:07Z" duration-ms="0" status="PASS">
          <reporter-output>
          </reporter-output>
        </test-method> <!-- generateLog -->
      </class> <!-- TestAPIs.GETCall -->
    </test> <!-- Default test -->
  </suite> <!-- Default suite -->
</testng-results>
