<?xml version="1.0" encoding="UTF-8"?>
<!-- Generated by org.testng.reporters.JUnitXMLReporter -->
<testsuite hostname="manishs-MacBook-Air.local" failures="0" tests="13" name="Default test" time="6.445" errors="0" timestamp="1 Mar 2021 15:22:42 GMT">
  <testcase classname="POJO" name="POST" time="2.379"/>
  <testcase classname="TestAPIs.TestNG_DataProvider" name="POSTExample1" time="0.467"/>
  <testcase classname="TestAPIs.TestNG_DataProvider" name="POSTExample2" time="0.455"/>
  <testcase classname="TestAPIs.TestNG_DataProvider" name="POSTExample2" time="0.467"/>
  <testcase classname="TestAPIs.TestNG_DataProvider" name="POSTExample2" time="0.507"/>
  <testcase classname="TestAPIs.TestNG_DataProvider" name="POSTExample2" time="0.395"/>
  <testcase classname="TestAPIs.TestNG_DataProvider" name="POSTExample2" time="0.384"/>
  <testcase classname="TestAPIs.POST_Tests" name="postdata" time="0.3"/>
  <testcase classname="TestAPIs.POST_Tests" name="postdata" time="0.018"/>
  <testcase classname="TestAPIs.POST_Tests" name="postdata" time="0.019"/>
  <testcase classname="TestAPIs.GETCall" name="POSTTest" time="0.524"/>
  <testcase classname="TestAPIs.GETCall" name="getcalltest" time="0.239"/>
  <testcase classname="TestAPIs.POST_Tests" name="getRecords" time="0.041"/>
</testsuite> <!-- Default test -->
